<?xml version="1.0" encoding="UTF-8"?>
<!-- Generated by org.testng.reporters.JUnitXMLReporter -->
<testsuite ignored="0" hostname="Parzival" failures="3" tests="4" name="Default test" time="117.39" errors="0" timestamp="2024-05-22T06:46:04 IST">
  <testcase classname="io.cucumber.testng.AbstractTestNGCucumberTests" name="runScenario" time="76.124">
    <failure type="java.lang.AssertionError" message="Welcome message not displayed">
      <![CDATA[java.lang.AssertionError: Welcome message not displayed
at stepdefinitions.LoginPageSteps.VerifyLoginIsSuccess(LoginPageSteps.java:49)
at ✽.user should see the Home page(file:///E:/Workspace-1/CucumberJava/src/test/resources/features/HomePageOrange.feature:6)
]]>
    </failure>
  </testcase> <!-- runScenario -->
  <testcase classname="io.cucumber.testng.AbstractTestNGCucumberTests" name="runScenario" time="8.126">
    <failure type="java.lang.AssertionError" message="Welcome message not displayed">
      <![CDATA[java.lang.AssertionError: Welcome message not displayed
at stepdefinitions.LoginPageSteps.VerifyLoginIsSuccess(LoginPageSteps.java:49)
at ✽.user should see the Home page(file:///E:/Workspace-1/CucumberJava/src/test/resources/features/LoginGuru99.feature:6)
]]>
    </failure>
  </testcase> <!-- runScenario -->
  <testcase classname="io.cucumber.testng.AbstractTestNGCucumberTests" name="runScenario" time="7.72">
    <failure type="java.lang.AssertionError" message="Welcome message not displayed">
      <![CDATA[java.lang.AssertionError: Welcome message not displayed
at stepdefinitions.LoginPageSteps.VerifyLoginIsSuccess(LoginPageSteps.java:49)
at ✽.user should see the Home page(file:///E:/Workspace-1/CucumberJava/src/test/resources/features/LoginOrange.feature:6)
]]>
    </failure>
  </testcase> <!-- runScenario -->
  <testcase classname="io.cucumber.testng.AbstractTestNGCucumberTests" name="runScenario" time="24.436"/>
</testsuite> <!-- Default test -->
